<?xml version="1.0" encoding="UTF-8"?>
<!-- Generated by org.testng.reporters.JUnitXMLReporter -->
<testsuite ignored="0" hostname="LAPTOP-J4J745OD" failures="0" tests="3" name="Test-2" time="6.633" errors="0" timestamp="2024-05-04T12:42:02 IST">
  <testcase classname="com.comcast.crm.contacttest.ContactTest" name="createConTest" time="0.0">
    <skipped/>
  </testcase> <!-- createConTest -->
  <testcase classname="com.comcast.crm.contacttest.ContactTest" name="createConWithDate" time="0.0">
    <skipped/>
  </testcase> <!-- createConWithDate -->
  <testcase classname="com.comcast.crm.contacttest.ContactTest" name="createConWithOrg" time="0.0">
    <skipped/>
  </testcase> <!-- createConWithOrg -->
</testsuite> <!-- Test-2 -->
