<?xml version="1.0" encoding="UTF-8"?>
<!-- Generated by org.testng.reporters.JUnitReportReporter -->
<testsuite hostname="LAPTOP-J4J745OD" failures="0" tests="1" name="screenshots.ScreenshotMethod1" time="8.502" errors="0" timestamp="2024-05-06T13:24:29 IST" skipped="0">
  <testcase classname="screenshots.ScreenshotMethod1" name="TakeScreenShotTest" time="8.502"/>
</testsuite> <!-- screenshots.ScreenshotMethod1 -->
