<?xml version="1.0" encoding="UTF-8"?>
<!-- Generated by org.testng.reporters.JUnitReportReporter -->
<testsuite hostname="LAPTOP-J4J745OD" failures="0" tests="1" name="screenshots.ScreenshotMethod2" time="26.867" errors="0" timestamp="2024-05-06T13:28:37 IST" skipped="0">
  <testcase classname="screenshots.ScreenshotMethod2" name="TakeSSTest" time="26.867"/>
</testsuite> <!-- screenshots.ScreenshotMethod2 -->
