<?xml version="1.0" encoding="UTF-8"?>
<!-- Generated by org.testng.reporters.JUnitReportReporter -->
<testsuite hostname="LAPTOP-J4J745OD" failures="0" tests="4" name="dataprovider.AmazonSearchItemTest" time="30.013" errors="0" timestamp="2024-05-01T10:41:28 IST" skipped="0">
  <testcase classname="dataprovider.AmazonSearchItemTest" name="SearchItemTest" time="7.596"/>
  <testcase classname="dataprovider.AmazonSearchItemTest" name="SearchItemTest" time="6.697"/>
  <testcase classname="dataprovider.AmazonSearchItemTest" name="SearchItemTest" time="8.377"/>
  <testcase classname="dataprovider.AmazonSearchItemTest" name="SearchItemTest" time="7.343"/>
</testsuite> <!-- dataprovider.AmazonSearchItemTest -->
