<?xml version="1.0" encoding="UTF-8"?>
<!-- Generated by org.testng.reporters.JUnitReportReporter -->
<testsuite hostname="LAPTOP-J4J745OD" failures="0" tests="1" name="ExtentReport.ExtentReportwithScreenshot" time="4.533" errors="0" timestamp="2024-05-08T10:11:51 IST" skipped="0">
  <testcase classname="ExtentReport.ExtentReportwithScreenshot" name="CreateContactTest" time="4.533"/>
</testsuite> <!-- ExtentReport.ExtentReportwithScreenshot -->
