<?xml version="1.0" encoding="UTF-8"?>
<!-- Generated by org.testng.reporters.JUnitReportReporter -->
<testsuite hostname="LAPTOP-J4J745OD" failures="0" tests="4" name="com.comcast.crm.orgtest.Organization" time="91.512" errors="0" timestamp="2024-05-04T12:39:38 IST" skipped="0">
  <testcase classname="com.comcast.crm.orgtest.Organization" name="createOrgWithIndTest" time="20.452"/>
  <testcase classname="com.comcast.crm.orgtest.Organization" name="deleteTest" time="31.967"/>
  <testcase classname="com.comcast.crm.orgtest.Organization" name="createOrgWithPhoneTest" time="19.498"/>
  <testcase classname="com.comcast.crm.orgtest.Organization" name="createOrgTest" time="19.595"/>
</testsuite> <!-- com.comcast.crm.orgtest.Organization -->
