<?xml version="1.0" encoding="UTF-8"?>
<!-- Generated by org.testng.reporters.JUnitReportReporter -->
<testsuite hostname="LAPTOP-J4J745OD" failures="0" tests="3" name="ExtentReport.AdvancedExtentReport" time="0.025" errors="0" timestamp="2024-05-07T18:48:12 IST" skipped="0">
  <testcase classname="ExtentReport.AdvancedExtentReport" name="CreateOrgTest" time="0.003"/>
  <testcase classname="ExtentReport.AdvancedExtentReport" name="CreateContactTest" time="0.019"/>
  <testcase classname="ExtentReport.AdvancedExtentReport" name="CreateProductTest" time="0.003"/>
</testsuite> <!-- ExtentReport.AdvancedExtentReport -->
